import: unable to grab mouse `': Resource temporarily unavailable @ error/xwindow.c/XSelectWindow/9199.
import: unable to grab mouse `': Resource temporarily unavailable @ error/xwindow.c/XSelectWindow/9199.
import: unable to grab mouse `': Resource temporarily unavailable @ error/xwindow.c/XSelectWindow/9199.
from: can't read /var/mail/keras.optimizers
from: can't read /var/mail/keras.preprocessing.image
import: unable to grab mouse `': Resource temporarily unavailable @ error/xwindow.c/XSelectWindow/9199.
from: can't read /var/mail/sklearn.preprocessing
import: unable to grab mouse `': Resource temporarily unavailable @ error/xwindow.c/XSelectWindow/9199.
import: unable to grab mouse `': Resource temporarily unavailable @ error/xwindow.c/XSelectWindow/9199.
import: unable to grab mouse `': Resource temporarily unavailable @ error/xwindow.c/XSelectWindow/9199.
from: can't read /var/mail/sklearn.metrics
import: unable to grab mouse `': Resource temporarily unavailable @ error/xwindow.c/XSelectWindow/9199.
import: unable to grab mouse `': Resource temporarily unavailable @ error/xwindow.c/XSelectWindow/9199.
import: unable to grab mouse `': Resource temporarily unavailable @ error/xwindow.c/XSelectWindow/9199.
./activeRes100.py: 16: ./activeRes100.py: os.environ[CUDA_VISIBLE_DEVICES]: not found
./activeRes100.py: 18: ./activeRes100.py: Syntax error: "(" unexpected
XIO:  fatal IO error 11 (Resource temporarily unavailable) on X server "localhost:16.0"
      after 27 requests (26 known processed) with 0 events remaining.
import: unable to open X server `localhost:16.0' @ error/import.c/ImportImageCommand/364.
import: unable to open X server `localhost:16.0' @ error/import.c/ImportImageCommand/364.
from: can't read /var/mail/keras.optimizers
from: can't read /var/mail/keras.preprocessing.image
import: unable to open X server `localhost:16.0' @ error/import.c/ImportImageCommand/364.
from: can't read /var/mail/sklearn.preprocessing
import: unable to open X server `localhost:16.0' @ error/import.c/ImportImageCommand/364.
import: unable to open X server `localhost:16.0' @ error/import.c/ImportImageCommand/364.
import: unable to open X server `localhost:16.0' @ error/import.c/ImportImageCommand/364.
from: can't read /var/mail/sklearn.metrics
import: unable to open X server `localhost:16.0' @ error/import.c/ImportImageCommand/364.
import: unable to open X server `localhost:16.0' @ error/import.c/ImportImageCommand/364.
import: unable to open X server `localhost:16.0' @ error/import.c/ImportImageCommand/364.
./activeRes100.py: 16: ./activeRes100.py: os.environ[CUDA_VISIBLE_DEVICES]: not found
./activeRes100.py: 18: ./activeRes100.py: Syntax error: "(" unexpected
